[debug] [2022-06-16T19:25:56.055Z] ----------------------------------------------------------------------
[debug] [2022-06-16T19:25:56.057Z] Command:       C:\Program Files\nodejs\node.exe C:\Users\dimio\AppData\Roaming\npm\node_modules\firebase-tools\lib\bin\firebase.js deploy
[debug] [2022-06-16T19:25:56.058Z] CLI Version:   10.9.2
[debug] [2022-06-16T19:25:56.058Z] Platform:      win32
[debug] [2022-06-16T19:25:56.058Z] Node Version:  v16.15.0
[debug] [2022-06-16T19:25:56.059Z] Time:          Thu Jun 16 2022 16:25:56 GMT-0300 (Brasilia Standard Time)
[debug] [2022-06-16T19:25:56.059Z] ----------------------------------------------------------------------
[debug] 
[debug] [2022-06-16T19:25:56.159Z] > command requires scopes: ["email","openid","https://www.googleapis.com/auth/cloudplatformprojects.readonly","https://www.googleapis.com/auth/firebase","https://www.googleapis.com/auth/cloud-platform"]
[debug] [2022-06-16T19:25:56.159Z] > authorizing via signed-in user (dimiortt@gmail.com)
[debug] [2022-06-16T19:25:56.159Z] [iam] checking project guardiaotec-tms for permissions ["cloudfunctions.functions.create","cloudfunctions.functions.delete","cloudfunctions.functions.get","cloudfunctions.functions.list","cloudfunctions.functions.update","cloudfunctions.operations.get","firebase.projects.get"]
[debug] [2022-06-16T19:25:56.161Z] > refreshing access token with scopes: []
[debug] [2022-06-16T19:25:56.161Z] >>> HTTP REQUEST POST https://www.googleapis.com/oauth2/v3/token  
 <request body omitted>
[debug] [2022-06-16T19:25:58.362Z] <<< HTTP RESPONSE 200 {"pragma":"no-cache","expires":"Mon, 01 Jan 1990 00:00:00 GMT","date":"Thu, 16 Jun 2022 19:25:58 GMT","cache-control":"no-cache, no-store, max-age=0, must-revalidate","content-type":"application/json; charset=utf-8","vary":"X-Origin, Referer, Origin,Accept-Encoding","server":"scaffolding on HTTPServer2","x-xss-protection":"0","x-frame-options":"SAMEORIGIN","x-content-type-options":"nosniff","alt-svc":"h3=\":443\"; ma=2592000,h3-29=\":443\"; ma=2592000,h3-Q050=\":443\"; ma=2592000,h3-Q046=\":443\"; ma=2592000,h3-Q043=\":443\"; ma=2592000,quic=\":443\"; ma=2592000; v=\"46,43\"","accept-ranges":"none","transfer-encoding":"chunked"}
[debug] [2022-06-16T19:25:58.388Z] >>> [apiv2][query] POST https://cloudresourcemanager.googleapis.com/v1/projects/guardiaotec-tms:testIamPermissions [none]
[debug] [2022-06-16T19:25:58.388Z] >>> [apiv2][body] POST https://cloudresourcemanager.googleapis.com/v1/projects/guardiaotec-tms:testIamPermissions {"permissions":["cloudfunctions.functions.create","cloudfunctions.functions.delete","cloudfunctions.functions.get","cloudfunctions.functions.list","cloudfunctions.functions.update","cloudfunctions.operations.get","firebase.projects.get"]}
[debug] [2022-06-16T19:26:00.008Z] <<< [apiv2][status] POST https://cloudresourcemanager.googleapis.com/v1/projects/guardiaotec-tms:testIamPermissions 200
[debug] [2022-06-16T19:26:00.008Z] <<< [apiv2][body] POST https://cloudresourcemanager.googleapis.com/v1/projects/guardiaotec-tms:testIamPermissions {"permissions":["cloudfunctions.functions.create","cloudfunctions.functions.delete","cloudfunctions.functions.get","cloudfunctions.functions.list","cloudfunctions.functions.update","cloudfunctions.operations.get","firebase.projects.get"]}
[debug] [2022-06-16T19:26:00.010Z] >>> [apiv2][query] POST https://iam.googleapis.com/v1/projects/guardiaotec-tms/serviceAccounts/guardiaotec-tms@appspot.gserviceaccount.com:testIamPermissions [none]
[debug] [2022-06-16T19:26:00.011Z] >>> [apiv2][body] POST https://iam.googleapis.com/v1/projects/guardiaotec-tms/serviceAccounts/guardiaotec-tms@appspot.gserviceaccount.com:testIamPermissions {"permissions":["iam.serviceAccounts.actAs"]}
[debug] [2022-06-16T19:26:01.427Z] <<< [apiv2][status] POST https://iam.googleapis.com/v1/projects/guardiaotec-tms/serviceAccounts/guardiaotec-tms@appspot.gserviceaccount.com:testIamPermissions 200
[debug] [2022-06-16T19:26:01.427Z] <<< [apiv2][body] POST https://iam.googleapis.com/v1/projects/guardiaotec-tms/serviceAccounts/guardiaotec-tms@appspot.gserviceaccount.com:testIamPermissions {"permissions":["iam.serviceAccounts.actAs"]}
[info] 
[info] === Deploying to 'guardiaotec-tms'...
[info] 
[info] i  deploying functions 
[debug] [2022-06-16T19:26:01.440Z] >>> [apiv2][query] GET https://firebase.googleapis.com/v1beta1/projects/guardiaotec-tms [none]
[debug] [2022-06-16T19:26:03.071Z] <<< [apiv2][status] GET https://firebase.googleapis.com/v1beta1/projects/guardiaotec-tms 200
[debug] [2022-06-16T19:26:03.071Z] <<< [apiv2][body] GET https://firebase.googleapis.com/v1beta1/projects/guardiaotec-tms {"projectId":"guardiaotec-tms","projectNumber":"1030687051805","displayName":"guardiaotec-tms","name":"projects/guardiaotec-tms","resources":{"hostingSite":"guardiaotec-tms","storageBucket":"guardiaotec-tms.appspot.com","locationId":"us-east1"},"state":"ACTIVE"}
[info] i  functions: ensuring required API cloudfunctions.googleapis.com is enabled... 
[info] i  functions: ensuring required API cloudbuild.googleapis.com is enabled... 
[debug] [2022-06-16T19:26:03.081Z] >>> [apiv2][query] GET https://serviceusage.googleapis.com/v1/projects/guardiaotec-tms/services/cloudfunctions.googleapis.com [none]
[debug] [2022-06-16T19:26:03.084Z] >>> [apiv2][query] GET https://serviceusage.googleapis.com/v1/projects/guardiaotec-tms/services/runtimeconfig.googleapis.com [none]
[debug] [2022-06-16T19:26:03.085Z] >>> [apiv2][query] GET https://serviceusage.googleapis.com/v1/projects/guardiaotec-tms/services/cloudbuild.googleapis.com [none]
[debug] [2022-06-16T19:26:03.086Z] >>> [apiv2][query] GET https://serviceusage.googleapis.com/v1/projects/guardiaotec-tms/services/artifactregistry.googleapis.com [none]
[debug] [2022-06-16T19:26:04.159Z] <<< [apiv2][status] GET https://serviceusage.googleapis.com/v1/projects/guardiaotec-tms/services/runtimeconfig.googleapis.com 200
[debug] [2022-06-16T19:26:04.159Z] <<< [apiv2][body] GET https://serviceusage.googleapis.com/v1/projects/guardiaotec-tms/services/runtimeconfig.googleapis.com [omitted]
[debug] [2022-06-16T19:26:04.160Z] <<< [apiv2][status] GET https://serviceusage.googleapis.com/v1/projects/guardiaotec-tms/services/cloudfunctions.googleapis.com 200
[debug] [2022-06-16T19:26:04.160Z] <<< [apiv2][body] GET https://serviceusage.googleapis.com/v1/projects/guardiaotec-tms/services/cloudfunctions.googleapis.com [omitted]
[info] +  functions: required API cloudfunctions.googleapis.com is enabled 
[debug] [2022-06-16T19:26:04.165Z] <<< [apiv2][status] GET https://serviceusage.googleapis.com/v1/projects/guardiaotec-tms/services/cloudbuild.googleapis.com 200
[debug] [2022-06-16T19:26:04.165Z] <<< [apiv2][body] GET https://serviceusage.googleapis.com/v1/projects/guardiaotec-tms/services/cloudbuild.googleapis.com [omitted]
[info] +  functions: required API cloudbuild.googleapis.com is enabled 
[debug] [2022-06-16T19:26:04.229Z] <<< [apiv2][status] GET https://serviceusage.googleapis.com/v1/projects/guardiaotec-tms/services/artifactregistry.googleapis.com 200
[debug] [2022-06-16T19:26:04.229Z] <<< [apiv2][body] GET https://serviceusage.googleapis.com/v1/projects/guardiaotec-tms/services/artifactregistry.googleapis.com [omitted]
[debug] [2022-06-16T19:26:04.230Z] >>> [apiv2][query] GET https://firebase.googleapis.com/v1beta1/projects/guardiaotec-tms/adminSdkConfig [none]
[debug] [2022-06-16T19:26:04.593Z] <<< [apiv2][status] GET https://firebase.googleapis.com/v1beta1/projects/guardiaotec-tms/adminSdkConfig 200
[debug] [2022-06-16T19:26:04.593Z] <<< [apiv2][body] GET https://firebase.googleapis.com/v1beta1/projects/guardiaotec-tms/adminSdkConfig {"projectId":"guardiaotec-tms","storageBucket":"guardiaotec-tms.appspot.com","locationId":"us-east1"}
[debug] [2022-06-16T19:26:04.594Z] >>> [apiv2][query] GET https://runtimeconfig.googleapis.com/v1beta1/projects/guardiaotec-tms/configs [none]
[debug] [2022-06-16T19:26:05.494Z] <<< [apiv2][status] GET https://runtimeconfig.googleapis.com/v1beta1/projects/guardiaotec-tms/configs 200
[debug] [2022-06-16T19:26:05.494Z] <<< [apiv2][body] GET https://runtimeconfig.googleapis.com/v1beta1/projects/guardiaotec-tms/configs {}
[info] i  functions: preparing codebase default for deployment 
[debug] [2022-06-16T19:26:05.499Z] Validating nodejs source
[debug] [2022-06-16T19:26:09.276Z] > [functions] package.json contents: {
  "name": "functions",
  "description": "Cloud Functions for Firebase",
  "scripts": {
    "serve": "firebase emulators:start --only functions",
    "shell": "firebase functions:shell",
    "start": "npm run shell",
    "deploy": "firebase deploy --only functions",
    "logs": "firebase functions:log"
  },
  "engines": {
    "node": "16"
  },
  "main": "index.js",
  "dependencies": {
    "axios": "^0.27.2",
    "firebase-admin": "^10.0.2",
    "firebase-functions": "^3.18.0",
    "google-geocoder": "^0.2.1",
    "xml-js": "^1.6.11"
  },
  "devDependencies": {
    "firebase-functions-test": "^0.2.0"
  },
  "private": true
}
[debug] [2022-06-16T19:26:09.276Z] Building nodejs source
[debug] [2022-06-16T19:26:09.278Z] Analyzing nodejs backend spec
[debug] [2022-06-16T19:26:09.280Z] Could not find functions.yaml. Must use http discovery
[debug] [2022-06-16T19:26:09.629Z] Serving at port 9005

[debug] [2022-06-16T19:26:09.880Z] Got response from /__/functions.yaml {"endpoints":{"handleTripPlanningHttps":{"platform":"gcfv1","timeoutSeconds":540,"httpsTrigger":{},"entryPoint":"handleTripPlanningHttps"},"handleTripTrackingHttps":{"platform":"gcfv1","timeoutSeconds":540,"httpsTrigger":{},"entryPoint":"handleTripTrackingHttps"}},"specVersion":"v1alpha1","requiredAPIs":[]}
[debug] [2022-06-16T19:26:09.900Z] shutdown requested via /__/quitquitquit

[info] i  functions: preparing functions directory for uploading... 
[info] i  functions: packaged C:\Users\dimio\Documents\dev\Node\guardiaotec-backend-2\functions (77.68 KB) for uploading 
[debug] [2022-06-16T19:26:10.196Z] >>> [apiv2][query] GET https://cloudfunctions.googleapis.com/v1/projects/guardiaotec-tms/locations/-/functions [none]
[debug] [2022-06-16T19:26:11.456Z] <<< [apiv2][status] GET https://cloudfunctions.googleapis.com/v1/projects/guardiaotec-tms/locations/-/functions 200
[debug] [2022-06-16T19:26:11.457Z] <<< [apiv2][body] GET https://cloudfunctions.googleapis.com/v1/projects/guardiaotec-tms/locations/-/functions {"functions":[{"name":"projects/guardiaotec-tms/locations/us-central1/functions/createUser","httpsTrigger":{"url":"https://us-central1-guardiaotec-tms.cloudfunctions.net/createUser","securityLevel":"SECURE_ALWAYS"},"status":"ACTIVE","entryPoint":"createUser","timeout":"60s","availableMemoryMb":256,"serviceAccountEmail":"guardiaotec-tms@appspot.gserviceaccount.com","updateTime":"2022-04-05T08:52:39.931Z","versionId":"1","labels":{"deployment-tool":"cli-firebase"},"sourceUploadUrl":"https://storage.googleapis.com/uploads-988754960241.us-central1.cloudfunctions.appspot.com/b36807eb-7a5d-457c-b460-e27bf352e10e.zip","environmentVariables":{"FIREBASE_CONFIG":"{\"projectId\":\"guardiaotec-tms\",\"storageBucket\":\"guardiaotec-tms.appspot.com\",\"locationId\":\"us-east1\"}","GCLOUD_PROJECT":"guardiaotec-tms"},"runtime":"nodejs16","ingressSettings":"ALLOW_ALL","buildId":"5cd67ce9-f338-4d19-9fde-94f842dab650","buildName":"projects/1030687051805/locations/us-central1/builds/5cd67ce9-f338-4d19-9fde-94f842dab650","dockerRegistry":"CONTAINER_REGISTRY"},{"name":"projects/guardiaotec-tms/locations/us-central1/functions/handleTripPlanning","eventTrigger":{"eventType":"google.pubsub.topic.publish","resource":"projects/guardiaotec-tms/topics/cron-topic","service":"pubsub.googleapis.com","failurePolicy":{}},"status":"ACTIVE","entryPoint":"helloPubSub","timeout":"540s","availableMemoryMb":256,"serviceAccountEmail":"guardiaotec-tms@appspot.gserviceaccount.com","updateTime":"2022-06-15T20:59:10.423Z","versionId":"2","labels":{"deployment-tool":"console-cloud"},"sourceUploadUrl":"https://storage.googleapis.com/uploads-988754960241.us-central1.cloudfunctions.appspot.com/b7d5d570-6c92-4f71-b81d-51cbfc30d45c.zip","runtime":"nodejs16","maxInstances":3000,"ingressSettings":"ALLOW_ALL","buildId":"7d85a50b-fd37-4120-a71b-d25f4e4b2193","buildName":"projects/1030687051805/locations/us-central1/builds/7d85a50b-fd37-4120-a71b-d25f4e4b2193","dockerRegistry":"CONTAINER_REGISTRY"},{"name":"projects/guardiaotec-tms/locations/us-central1/functions/handleTripPlanningHttps","httpsTrigger":{"url":"https://us-central1-guardiaotec-tms.cloudfunctions.net/handleTripPlanningHttps","securityLevel":"SECURE_ALWAYS"},"status":"ACTIVE","entryPoint":"handleTripPlanningHttps","timeout":"540s","availableMemoryMb":256,"serviceAccountEmail":"guardiaotec-tms@appspot.gserviceaccount.com","updateTime":"2022-06-16T07:19:06.309Z","versionId":"19","labels":{"deployment-tool":"cli-firebase"},"sourceUploadUrl":"https://storage.googleapis.com/uploads-988754960241.us-central1.cloudfunctions.appspot.com/8af56836-ea8d-4e33-a193-45230c221ccf.zip","environmentVariables":{"FIREBASE_CONFIG":"{\"projectId\":\"guardiaotec-tms\",\"storageBucket\":\"guardiaotec-tms.appspot.com\",\"locationId\":\"us-east1\"}","GCLOUD_PROJECT":"guardiaotec-tms"},"runtime":"nodejs16","ingressSettings":"ALLOW_ALL","buildId":"a80fa546-84b7-4c25-95b0-3848334b6f3a","buildName":"projects/1030687051805/locations/us-central1/builds/a80fa546-84b7-4c25-95b0-3848334b6f3a","dockerRegistry":"CONTAINER_REGISTRY"},{"name":"projects/guardiaotec-tms/locations/us-central1/functions/handleTripTracking","eventTrigger":{"eventType":"google.pubsub.topic.publish","resource":"projects/guardiaotec-tms/topics/tracking-topic","service":"pubsub.googleapis.com","failurePolicy":{}},"status":"ACTIVE","entryPoint":"helloPubSub","timeout":"60s","availableMemoryMb":256,"serviceAccountEmail":"guardiaotec-tms@appspot.gserviceaccount.com","updateTime":"2022-06-16T07:12:50.367Z","versionId":"2","labels":{"deployment-tool":"console-cloud"},"sourceUploadUrl":"https://storage.googleapis.com/uploads-988754960241.us-central1.cloudfunctions.appspot.com/37bff91c-c465-4a92-baf0-16791689f196.zip","runtime":"nodejs16","maxInstances":3000,"ingressSettings":"ALLOW_ALL","buildId":"a395ba2c-b766-4599-9842-5715a7d9bff4","buildName":"projects/1030687051805/locations/us-central1/builds/a395ba2c-b766-4599-9842-5715a7d9bff4","dockerRegistry":"CONTAINER_REGISTRY"},{"name":"projects/guardiaotec-tms/locations/us-central1/functions/handleTripTrackingHttps","httpsTrigger":{"url":"https://us-central1-guardiaotec-tms.cloudfunctions.net/handleTripTrackingHttps","securityLevel":"SECURE_ALWAYS"},"status":"ACTIVE","entryPoint":"handleTripTrackingHttps","timeout":"540s","availableMemoryMb":256,"serviceAccountEmail":"guardiaotec-tms@appspot.gserviceaccount.com","updateTime":"2022-06-16T07:19:10.691Z","versionId":"2","labels":{"deployment-tool":"cli-firebase"},"sourceUploadUrl":"https://storage.googleapis.com/uploads-988754960241.us-central1.cloudfunctions.appspot.com/8af56836-ea8d-4e33-a193-45230c221ccf.zip","environmentVariables":{"FIREBASE_CONFIG":"{\"projectId\":\"guardiaotec-tms\",\"storageBucket\":\"guardiaotec-tms.appspot.com\",\"locationId\":\"us-east1\"}","GCLOUD_PROJECT":"guardiaotec-tms"},"runtime":"nodejs16","ingressSettings":"ALLOW_ALL","buildId":"a80fa546-84b7-4c25-95b0-3848334b6f3a","buildName":"projects/1030687051805/locations/us-central1/builds/a80fa546-84b7-4c25-95b0-3848334b6f3a","dockerRegistry":"CONTAINER_REGISTRY"}]}
[debug] [2022-06-16T19:26:11.459Z] >>> [apiv2][query] GET https://cloudfunctions.googleapis.com/v2alpha/projects/guardiaotec-tms/locations/-/functions [none]
[debug] [2022-06-16T19:26:12.928Z] <<< [apiv2][status] GET https://cloudfunctions.googleapis.com/v2alpha/projects/guardiaotec-tms/locations/-/functions 200
[debug] [2022-06-16T19:26:12.928Z] <<< [apiv2][body] GET https://cloudfunctions.googleapis.com/v2alpha/projects/guardiaotec-tms/locations/-/functions {}
[debug] [2022-06-16T19:26:12.951Z] >>> [apiv2][query] GET https://firebase.googleapis.com/v1beta1/projects/guardiaotec-tms [none]
[debug] [2022-06-16T19:26:13.960Z] <<< [apiv2][status] GET https://firebase.googleapis.com/v1beta1/projects/guardiaotec-tms 200
[debug] [2022-06-16T19:26:13.961Z] <<< [apiv2][body] GET https://firebase.googleapis.com/v1beta1/projects/guardiaotec-tms {"projectId":"guardiaotec-tms","projectNumber":"1030687051805","displayName":"guardiaotec-tms","name":"projects/guardiaotec-tms","resources":{"hostingSite":"guardiaotec-tms","storageBucket":"guardiaotec-tms.appspot.com","locationId":"us-east1"},"state":"ACTIVE"}
[debug] [2022-06-16T19:26:13.961Z] >>> [apiv2][query] GET https://firebase.googleapis.com/v1beta1/projects/guardiaotec-tms [none]
[debug] [2022-06-16T19:26:14.389Z] <<< [apiv2][status] GET https://firebase.googleapis.com/v1beta1/projects/guardiaotec-tms 200
[debug] [2022-06-16T19:26:14.389Z] <<< [apiv2][body] GET https://firebase.googleapis.com/v1beta1/projects/guardiaotec-tms {"projectId":"guardiaotec-tms","projectNumber":"1030687051805","displayName":"guardiaotec-tms","name":"projects/guardiaotec-tms","resources":{"hostingSite":"guardiaotec-tms","storageBucket":"guardiaotec-tms.appspot.com","locationId":"us-east1"},"state":"ACTIVE"}
[debug] [2022-06-16T19:26:14.392Z] >>> [apiv2][query] POST https://cloudfunctions.googleapis.com/v1/projects/guardiaotec-tms/locations/us-central1/functions:generateUploadUrl [none]
[debug] [2022-06-16T19:26:14.393Z] >>> [apiv2][body] POST https://cloudfunctions.googleapis.com/v1/projects/guardiaotec-tms/locations/us-central1/functions:generateUploadUrl {}
[debug] [2022-06-16T19:26:15.569Z] <<< [apiv2][status] POST https://cloudfunctions.googleapis.com/v1/projects/guardiaotec-tms/locations/us-central1/functions:generateUploadUrl 200
[debug] [2022-06-16T19:26:15.570Z] <<< [apiv2][body] POST https://cloudfunctions.googleapis.com/v1/projects/guardiaotec-tms/locations/us-central1/functions:generateUploadUrl {"uploadUrl":"https://storage.googleapis.com/uploads-988754960241.us-central1.cloudfunctions.appspot.com/f67a594d-6ad6-4eea-9413-325f244b22f0.zip?GoogleAccessId=service-1030687051805@gcf-admin-robot.iam.gserviceaccount.com&Expires=1655409375&Signature=IWDxd95%2BvCSM4Owi3PiyX26kd8HU0qiNJoRUCn%2FH79BQq6xHTKhXAd7v1OWHY3OiHixqBWXNm1%2Bigo8WL30pHYktCLS2pmrq38gK5fbkyH6CbkwWcZKHZR2LHfZquDu1sU%2Bv%2BFkGPsQLMlJ9qAzBY%2F0693mhDolic8L9B9pj8cNukCO5E0wSQ3XkAd4nKTosqAVW4wJ76MFYKIZWTXEzp35r%2F9Gz90OutcJRb%2F%2BbkL1m3I%2BY7hm1Od5xOTyNxOHXWfMsaDOpq6rLgz7eeluPkL51taNEnFPrXqXH%2B%2Fi%2FAN5psy3sbZitW2ZoAq%2FcTFUNntYmamgdfEaYGaDySk7F%2Bg%3D%3D"}
[debug] [2022-06-16T19:26:15.573Z] >>> [apiv2][query] PUT https://storage.googleapis.com/uploads-988754960241.us-central1.cloudfunctions.appspot.com/f67a594d-6ad6-4eea-9413-325f244b22f0.zip GoogleAccessId=service-1030687051805%40gcf-admin-robot.iam.gserviceaccount.com&Expires=1655409375&Signature=IWDxd95%2BvCSM4Owi3PiyX26kd8HU0qiNJoRUCn%2FH79BQq6xHTKhXAd7v1OWHY3OiHixqBWXNm1%2Bigo8WL30pHYktCLS2pmrq38gK5fbkyH6CbkwWcZKHZR2LHfZquDu1sU%2Bv%2BFkGPsQLMlJ9qAzBY%2F0693mhDolic8L9B9pj8cNukCO5E0wSQ3XkAd4nKTosqAVW4wJ76MFYKIZWTXEzp35r%2F9Gz90OutcJRb%2F%2BbkL1m3I%2BY7hm1Od5xOTyNxOHXWfMsaDOpq6rLgz7eeluPkL51taNEnFPrXqXH%2B%2Fi%2FAN5psy3sbZitW2ZoAq%2FcTFUNntYmamgdfEaYGaDySk7F%2Bg%3D%3D
[debug] [2022-06-16T19:26:15.573Z] >>> [apiv2][body] PUT https://storage.googleapis.com/uploads-988754960241.us-central1.cloudfunctions.appspot.com/f67a594d-6ad6-4eea-9413-325f244b22f0.zip [stream]
[debug] [2022-06-16T19:26:15.920Z] <<< [apiv2][status] PUT https://storage.googleapis.com/uploads-988754960241.us-central1.cloudfunctions.appspot.com/f67a594d-6ad6-4eea-9413-325f244b22f0.zip 200
[debug] [2022-06-16T19:26:15.921Z] <<< [apiv2][body] PUT https://storage.googleapis.com/uploads-988754960241.us-central1.cloudfunctions.appspot.com/f67a594d-6ad6-4eea-9413-325f244b22f0.zip [omitted]
[info] +  functions: functions folder uploaded successfully 
[info] 
The following functions are found in your project but do not exist in your local source code:
	createUser(us-central1)

If you are renaming a function or changing its region, it is recommended that you create the new function first before deleting the old one to prevent event loss. For more info, visit https://firebase.google.com/docs/functions/manage-functions#modify

[info] i  functions: updating Node.js 16 function handleTripPlanningHttps(us-central1)... 
[info] i  functions: updating Node.js 16 function handleTripTrackingHttps(us-central1)... 
[debug] [2022-06-16T20:13:18.045Z] > refreshing access token with scopes: []
[debug] [2022-06-16T20:13:18.045Z] >>> HTTP REQUEST POST https://www.googleapis.com/oauth2/v3/token  
 <request body omitted>
[debug] [2022-06-16T20:13:19.380Z] <<< HTTP RESPONSE 200 {"expires":"Mon, 01 Jan 1990 00:00:00 GMT","pragma":"no-cache","date":"Thu, 16 Jun 2022 20:13:19 GMT","cache-control":"no-cache, no-store, max-age=0, must-revalidate","content-type":"application/json; charset=utf-8","vary":"X-Origin, Referer, Origin,Accept-Encoding","server":"scaffolding on HTTPServer2","x-xss-protection":"0","x-frame-options":"SAMEORIGIN","x-content-type-options":"nosniff","alt-svc":"h3=\":443\"; ma=2592000,h3-29=\":443\"; ma=2592000,h3-Q050=\":443\"; ma=2592000,h3-Q046=\":443\"; ma=2592000,h3-Q043=\":443\"; ma=2592000,quic=\":443\"; ma=2592000; v=\"46,43\"","accept-ranges":"none","transfer-encoding":"chunked"}
[debug] [2022-06-16T20:13:19.401Z] >>> [apiv2][query] PATCH https://cloudfunctions.googleapis.com/v1/projects/guardiaotec-tms/locations/us-central1/functions/handleTripPlanningHttps updateMask=name%2CsourceUploadUrl%2CentryPoint%2Cruntime%2Clabels%2ChttpsTrigger.securityLevel%2CavailableMemoryMb%2CenvironmentVariables%2Ctimeout%2CsourceToken
[debug] [2022-06-16T20:13:19.402Z] >>> [apiv2][body] PATCH https://cloudfunctions.googleapis.com/v1/projects/guardiaotec-tms/locations/us-central1/functions/handleTripPlanningHttps {"name":"projects/guardiaotec-tms/locations/us-central1/functions/handleTripPlanningHttps","sourceUploadUrl":"https://storage.googleapis.com/uploads-988754960241.us-central1.cloudfunctions.appspot.com/f67a594d-6ad6-4eea-9413-325f244b22f0.zip?GoogleAccessId=service-1030687051805@gcf-admin-robot.iam.gserviceaccount.com&Expires=1655409375&Signature=IWDxd95%2BvCSM4Owi3PiyX26kd8HU0qiNJoRUCn%2FH79BQq6xHTKhXAd7v1OWHY3OiHixqBWXNm1%2Bigo8WL30pHYktCLS2pmrq38gK5fbkyH6CbkwWcZKHZR2LHfZquDu1sU%2Bv%2BFkGPsQLMlJ9qAzBY%2F0693mhDolic8L9B9pj8cNukCO5E0wSQ3XkAd4nKTosqAVW4wJ76MFYKIZWTXEzp35r%2F9Gz90OutcJRb%2F%2BbkL1m3I%2BY7hm1Od5xOTyNxOHXWfMsaDOpq6rLgz7eeluPkL51taNEnFPrXqXH%2B%2Fi%2FAN5psy3sbZitW2ZoAq%2FcTFUNntYmamgdfEaYGaDySk7F%2Bg%3D%3D","entryPoint":"handleTripPlanningHttps","runtime":"nodejs16","labels":{"deployment-tool":"cli-firebase"},"httpsTrigger":{"securityLevel":"SECURE_ALWAYS"},"availableMemoryMb":256,"environmentVariables":{"FIREBASE_CONFIG":"{\"projectId\":\"guardiaotec-tms\",\"storageBucket\":\"guardiaotec-tms.appspot.com\",\"locationId\":\"us-east1\"}","GCLOUD_PROJECT":"guardiaotec-tms"},"timeout":"540s"}
[debug] [2022-06-16T20:13:21.371Z] <<< [apiv2][status] PATCH https://cloudfunctions.googleapis.com/v1/projects/guardiaotec-tms/locations/us-central1/functions/handleTripPlanningHttps 200
[debug] [2022-06-16T20:13:21.371Z] <<< [apiv2][body] PATCH https://cloudfunctions.googleapis.com/v1/projects/guardiaotec-tms/locations/us-central1/functions/handleTripPlanningHttps {"name":"operations/Z3VhcmRpYW90ZWMtdG1zL3VzLWNlbnRyYWwxL2hhbmRsZVRyaXBQbGFubmluZ0h0dHBzL2tKVmVveGs0MUJV","metadata":{"@type":"type.googleapis.com/google.cloud.functions.v1.OperationMetadataV1","target":"projects/guardiaotec-tms/locations/us-central1/functions/handleTripPlanningHttps","type":"UPDATE_FUNCTION","request":{"@type":"type.googleapis.com/google.cloud.functions.v1.CloudFunction","name":"projects/guardiaotec-tms/locations/us-central1/functions/handleTripPlanningHttps","httpsTrigger":{"url":"https://us-central1-guardiaotec-tms.cloudfunctions.net/handleTripPlanningHttps","securityLevel":"SECURE_ALWAYS"},"status":"ACTIVE","entryPoint":"handleTripPlanningHttps","timeout":"540s","availableMemoryMb":256,"serviceAccountEmail":"guardiaotec-tms@appspot.gserviceaccount.com","updateTime":"2022-06-16T07:19:06.309Z","versionId":"19","labels":{"deployment-tool":"cli-firebase"},"sourceUploadUrl":"https://storage.googleapis.com/uploads-988754960241.us-central1.cloudfunctions.appspot.com/f67a594d-6ad6-4eea-9413-325f244b22f0.zip?GoogleAccessId=service-1030687051805@gcf-admin-robot.iam.gserviceaccount.com&Expires=1655409375&Signature=IWDxd95%2BvCSM4Owi3PiyX26kd8HU0qiNJoRUCn%2FH79BQq6xHTKhXAd7v1OWHY3OiHixqBWXNm1%2Bigo8WL30pHYktCLS2pmrq38gK5fbkyH6CbkwWcZKHZR2LHfZquDu1sU%2Bv%2BFkGPsQLMlJ9qAzBY%2F0693mhDolic8L9B9pj8cNukCO5E0wSQ3XkAd4nKTosqAVW4wJ76MFYKIZWTXEzp35r%2F9Gz90OutcJRb%2F%2BbkL1m3I%2BY7hm1Od5xOTyNxOHXWfMsaDOpq6rLgz7eeluPkL51taNEnFPrXqXH%2B%2Fi%2FAN5psy3sbZitW2ZoAq%2FcTFUNntYmamgdfEaYGaDySk7F%2Bg%3D%3D","environmentVariables":{"FIREBASE_CONFIG":"{\"projectId\":\"guardiaotec-tms\",\"storageBucket\":\"guardiaotec-tms.appspot.com\",\"locationId\":\"us-east1\"}","GCLOUD_PROJECT":"guardiaotec-tms"},"runtime":"nodejs16","ingressSettings":"ALLOW_ALL","buildId":"a80fa546-84b7-4c25-95b0-3848334b6f3a","buildName":"projects/1030687051805/locations/us-central1/builds/a80fa546-84b7-4c25-95b0-3848334b6f3a","dockerRegistry":"CONTAINER_REGISTRY"},"versionId":"20","updateTime":"2022-06-16T20:13:21Z"}}
[debug] [2022-06-16T20:13:21.375Z] >>> [apiv2][query] GET https://cloudfunctions.googleapis.com/v1/operations/Z3VhcmRpYW90ZWMtdG1zL3VzLWNlbnRyYWwxL2hhbmRsZVRyaXBQbGFubmluZ0h0dHBzL2tKVmVveGs0MUJV [none]
[debug] [2022-06-16T20:13:22.664Z] <<< [apiv2][status] GET https://cloudfunctions.googleapis.com/v1/operations/Z3VhcmRpYW90ZWMtdG1zL3VzLWNlbnRyYWwxL2hhbmRsZVRyaXBQbGFubmluZ0h0dHBzL2tKVmVveGs0MUJV 200
[debug] [2022-06-16T20:13:22.665Z] <<< [apiv2][body] GET https://cloudfunctions.googleapis.com/v1/operations/Z3VhcmRpYW90ZWMtdG1zL3VzLWNlbnRyYWwxL2hhbmRsZVRyaXBQbGFubmluZ0h0dHBzL2tKVmVveGs0MUJV {"name":"operations/Z3VhcmRpYW90ZWMtdG1zL3VzLWNlbnRyYWwxL2hhbmRsZVRyaXBQbGFubmluZ0h0dHBzL2tKVmVveGs0MUJV","metadata":{"@type":"type.googleapis.com/google.cloud.functions.v1.OperationMetadataV1","target":"projects/guardiaotec-tms/locations/us-central1/functions/handleTripPlanningHttps","type":"UPDATE_FUNCTION","request":{"@type":"type.googleapis.com/google.cloud.functions.v1.CloudFunction","name":"projects/guardiaotec-tms/locations/us-central1/functions/handleTripPlanningHttps","httpsTrigger":{"url":"https://us-central1-guardiaotec-tms.cloudfunctions.net/handleTripPlanningHttps","securityLevel":"SECURE_ALWAYS"},"status":"ACTIVE","entryPoint":"handleTripPlanningHttps","timeout":"540s","availableMemoryMb":256,"serviceAccountEmail":"guardiaotec-tms@appspot.gserviceaccount.com","updateTime":"2022-06-16T07:19:06.309Z","versionId":"19","labels":{"deployment-tool":"cli-firebase"},"sourceUploadUrl":"https://storage.googleapis.com/uploads-988754960241.us-central1.cloudfunctions.appspot.com/f67a594d-6ad6-4eea-9413-325f244b22f0.zip?GoogleAccessId=service-1030687051805@gcf-admin-robot.iam.gserviceaccount.com&Expires=1655409375&Signature=IWDxd95%2BvCSM4Owi3PiyX26kd8HU0qiNJoRUCn%2FH79BQq6xHTKhXAd7v1OWHY3OiHixqBWXNm1%2Bigo8WL30pHYktCLS2pmrq38gK5fbkyH6CbkwWcZKHZR2LHfZquDu1sU%2Bv%2BFkGPsQLMlJ9qAzBY%2F0693mhDolic8L9B9pj8cNukCO5E0wSQ3XkAd4nKTosqAVW4wJ76MFYKIZWTXEzp35r%2F9Gz90OutcJRb%2F%2BbkL1m3I%2BY7hm1Od5xOTyNxOHXWfMsaDOpq6rLgz7eeluPkL51taNEnFPrXqXH%2B%2Fi%2FAN5psy3sbZitW2ZoAq%2FcTFUNntYmamgdfEaYGaDySk7F%2Bg%3D%3D","environmentVariables":{"FIREBASE_CONFIG":"{\"projectId\":\"guardiaotec-tms\",\"storageBucket\":\"guardiaotec-tms.appspot.com\",\"locationId\":\"us-east1\"}","GCLOUD_PROJECT":"guardiaotec-tms"},"runtime":"nodejs16","ingressSettings":"ALLOW_ALL","buildId":"a80fa546-84b7-4c25-95b0-3848334b6f3a","buildName":"projects/1030687051805/locations/us-central1/builds/a80fa546-84b7-4c25-95b0-3848334b6f3a","dockerRegistry":"CONTAINER_REGISTRY"},"versionId":"20","updateTime":"2022-06-16T20:13:21Z"},"done":true,"error":{"code":3,"message":"Failed to verify the provided Cloud Storage Signed URL"}}
[debug] [2022-06-16T20:13:22.666Z] Got source token undefined for region us-central1
[debug] [2022-06-16T20:13:22.670Z] >>> [apiv2][query] PATCH https://cloudfunctions.googleapis.com/v1/projects/guardiaotec-tms/locations/us-central1/functions/handleTripTrackingHttps updateMask=name%2CsourceUploadUrl%2CentryPoint%2Cruntime%2Clabels%2ChttpsTrigger.securityLevel%2CavailableMemoryMb%2CenvironmentVariables%2Ctimeout%2CsourceToken
[debug] [2022-06-16T20:13:22.671Z] >>> [apiv2][body] PATCH https://cloudfunctions.googleapis.com/v1/projects/guardiaotec-tms/locations/us-central1/functions/handleTripTrackingHttps {"name":"projects/guardiaotec-tms/locations/us-central1/functions/handleTripTrackingHttps","sourceUploadUrl":"https://storage.googleapis.com/uploads-988754960241.us-central1.cloudfunctions.appspot.com/f67a594d-6ad6-4eea-9413-325f244b22f0.zip?GoogleAccessId=service-1030687051805@gcf-admin-robot.iam.gserviceaccount.com&Expires=1655409375&Signature=IWDxd95%2BvCSM4Owi3PiyX26kd8HU0qiNJoRUCn%2FH79BQq6xHTKhXAd7v1OWHY3OiHixqBWXNm1%2Bigo8WL30pHYktCLS2pmrq38gK5fbkyH6CbkwWcZKHZR2LHfZquDu1sU%2Bv%2BFkGPsQLMlJ9qAzBY%2F0693mhDolic8L9B9pj8cNukCO5E0wSQ3XkAd4nKTosqAVW4wJ76MFYKIZWTXEzp35r%2F9Gz90OutcJRb%2F%2BbkL1m3I%2BY7hm1Od5xOTyNxOHXWfMsaDOpq6rLgz7eeluPkL51taNEnFPrXqXH%2B%2Fi%2FAN5psy3sbZitW2ZoAq%2FcTFUNntYmamgdfEaYGaDySk7F%2Bg%3D%3D","entryPoint":"handleTripTrackingHttps","runtime":"nodejs16","labels":{"deployment-tool":"cli-firebase"},"httpsTrigger":{"securityLevel":"SECURE_ALWAYS"},"availableMemoryMb":256,"environmentVariables":{"FIREBASE_CONFIG":"{\"projectId\":\"guardiaotec-tms\",\"storageBucket\":\"guardiaotec-tms.appspot.com\",\"locationId\":\"us-east1\"}","GCLOUD_PROJECT":"guardiaotec-tms"},"timeout":"540s"}
[error] Failed to verify the provided Cloud Storage Signed URL
[debug] [2022-06-16T20:13:24.183Z] <<< [apiv2][status] PATCH https://cloudfunctions.googleapis.com/v1/projects/guardiaotec-tms/locations/us-central1/functions/handleTripTrackingHttps 200
[debug] [2022-06-16T20:13:24.184Z] <<< [apiv2][body] PATCH https://cloudfunctions.googleapis.com/v1/projects/guardiaotec-tms/locations/us-central1/functions/handleTripTrackingHttps {"name":"operations/Z3VhcmRpYW90ZWMtdG1zL3VzLWNlbnRyYWwxL2hhbmRsZVRyaXBUcmFja2luZ0h0dHBzL3pITFJ3bjVQa1Zz","metadata":{"@type":"type.googleapis.com/google.cloud.functions.v1.OperationMetadataV1","target":"projects/guardiaotec-tms/locations/us-central1/functions/handleTripTrackingHttps","type":"UPDATE_FUNCTION","request":{"@type":"type.googleapis.com/google.cloud.functions.v1.CloudFunction","name":"projects/guardiaotec-tms/locations/us-central1/functions/handleTripTrackingHttps","httpsTrigger":{"url":"https://us-central1-guardiaotec-tms.cloudfunctions.net/handleTripTrackingHttps","securityLevel":"SECURE_ALWAYS"},"status":"ACTIVE","entryPoint":"handleTripTrackingHttps","timeout":"540s","availableMemoryMb":256,"serviceAccountEmail":"guardiaotec-tms@appspot.gserviceaccount.com","updateTime":"2022-06-16T07:19:10.691Z","versionId":"2","labels":{"deployment-tool":"cli-firebase"},"sourceUploadUrl":"https://storage.googleapis.com/uploads-988754960241.us-central1.cloudfunctions.appspot.com/f67a594d-6ad6-4eea-9413-325f244b22f0.zip?GoogleAccessId=service-1030687051805@gcf-admin-robot.iam.gserviceaccount.com&Expires=1655409375&Signature=IWDxd95%2BvCSM4Owi3PiyX26kd8HU0qiNJoRUCn%2FH79BQq6xHTKhXAd7v1OWHY3OiHixqBWXNm1%2Bigo8WL30pHYktCLS2pmrq38gK5fbkyH6CbkwWcZKHZR2LHfZquDu1sU%2Bv%2BFkGPsQLMlJ9qAzBY%2F0693mhDolic8L9B9pj8cNukCO5E0wSQ3XkAd4nKTosqAVW4wJ76MFYKIZWTXEzp35r%2F9Gz90OutcJRb%2F%2BbkL1m3I%2BY7hm1Od5xOTyNxOHXWfMsaDOpq6rLgz7eeluPkL51taNEnFPrXqXH%2B%2Fi%2FAN5psy3sbZitW2ZoAq%2FcTFUNntYmamgdfEaYGaDySk7F%2Bg%3D%3D","environmentVariables":{"FIREBASE_CONFIG":"{\"projectId\":\"guardiaotec-tms\",\"storageBucket\":\"guardiaotec-tms.appspot.com\",\"locationId\":\"us-east1\"}","GCLOUD_PROJECT":"guardiaotec-tms"},"runtime":"nodejs16","ingressSettings":"ALLOW_ALL","buildId":"a80fa546-84b7-4c25-95b0-3848334b6f3a","buildName":"projects/1030687051805/locations/us-central1/builds/a80fa546-84b7-4c25-95b0-3848334b6f3a","dockerRegistry":"CONTAINER_REGISTRY"},"versionId":"3","updateTime":"2022-06-16T20:13:23Z"}}
[debug] [2022-06-16T20:13:24.184Z] >>> [apiv2][query] GET https://cloudfunctions.googleapis.com/v1/operations/Z3VhcmRpYW90ZWMtdG1zL3VzLWNlbnRyYWwxL2hhbmRsZVRyaXBUcmFja2luZ0h0dHBzL3pITFJ3bjVQa1Zz [none]
[debug] [2022-06-16T20:13:25.221Z] <<< [apiv2][status] GET https://cloudfunctions.googleapis.com/v1/operations/Z3VhcmRpYW90ZWMtdG1zL3VzLWNlbnRyYWwxL2hhbmRsZVRyaXBUcmFja2luZ0h0dHBzL3pITFJ3bjVQa1Zz 200
[debug] [2022-06-16T20:13:25.222Z] <<< [apiv2][body] GET https://cloudfunctions.googleapis.com/v1/operations/Z3VhcmRpYW90ZWMtdG1zL3VzLWNlbnRyYWwxL2hhbmRsZVRyaXBUcmFja2luZ0h0dHBzL3pITFJ3bjVQa1Zz {"name":"operations/Z3VhcmRpYW90ZWMtdG1zL3VzLWNlbnRyYWwxL2hhbmRsZVRyaXBUcmFja2luZ0h0dHBzL3pITFJ3bjVQa1Zz","metadata":{"@type":"type.googleapis.com/google.cloud.functions.v1.OperationMetadataV1","target":"projects/guardiaotec-tms/locations/us-central1/functions/handleTripTrackingHttps","type":"UPDATE_FUNCTION","request":{"@type":"type.googleapis.com/google.cloud.functions.v1.CloudFunction","name":"projects/guardiaotec-tms/locations/us-central1/functions/handleTripTrackingHttps","httpsTrigger":{"url":"https://us-central1-guardiaotec-tms.cloudfunctions.net/handleTripTrackingHttps","securityLevel":"SECURE_ALWAYS"},"status":"ACTIVE","entryPoint":"handleTripTrackingHttps","timeout":"540s","availableMemoryMb":256,"serviceAccountEmail":"guardiaotec-tms@appspot.gserviceaccount.com","updateTime":"2022-06-16T07:19:10.691Z","versionId":"2","labels":{"deployment-tool":"cli-firebase"},"sourceUploadUrl":"https://storage.googleapis.com/uploads-988754960241.us-central1.cloudfunctions.appspot.com/f67a594d-6ad6-4eea-9413-325f244b22f0.zip?GoogleAccessId=service-1030687051805@gcf-admin-robot.iam.gserviceaccount.com&Expires=1655409375&Signature=IWDxd95%2BvCSM4Owi3PiyX26kd8HU0qiNJoRUCn%2FH79BQq6xHTKhXAd7v1OWHY3OiHixqBWXNm1%2Bigo8WL30pHYktCLS2pmrq38gK5fbkyH6CbkwWcZKHZR2LHfZquDu1sU%2Bv%2BFkGPsQLMlJ9qAzBY%2F0693mhDolic8L9B9pj8cNukCO5E0wSQ3XkAd4nKTosqAVW4wJ76MFYKIZWTXEzp35r%2F9Gz90OutcJRb%2F%2BbkL1m3I%2BY7hm1Od5xOTyNxOHXWfMsaDOpq6rLgz7eeluPkL51taNEnFPrXqXH%2B%2Fi%2FAN5psy3sbZitW2ZoAq%2FcTFUNntYmamgdfEaYGaDySk7F%2Bg%3D%3D","environmentVariables":{"FIREBASE_CONFIG":"{\"projectId\":\"guardiaotec-tms\",\"storageBucket\":\"guardiaotec-tms.appspot.com\",\"locationId\":\"us-east1\"}","GCLOUD_PROJECT":"guardiaotec-tms"},"runtime":"nodejs16","ingressSettings":"ALLOW_ALL","buildId":"a80fa546-84b7-4c25-95b0-3848334b6f3a","buildName":"projects/1030687051805/locations/us-central1/builds/a80fa546-84b7-4c25-95b0-3848334b6f3a","dockerRegistry":"CONTAINER_REGISTRY"},"versionId":"3","updateTime":"2022-06-16T20:13:24Z"},"done":true,"error":{"code":3,"message":"Failed to verify the provided Cloud Storage Signed URL"}}
[debug] [2022-06-16T20:13:25.225Z] Got source token undefined for region us-central1
[error] Failed to verify the provided Cloud Storage Signed URL
[debug] [2022-06-16T20:13:25.240Z] Total Function Deployment time: 7187
[debug] [2022-06-16T20:13:25.240Z] 2 Functions Deployed
[debug] [2022-06-16T20:13:25.240Z] 2 Functions Errored
[debug] [2022-06-16T20:13:25.240Z] 0 Function Deployments Aborted
[debug] [2022-06-16T20:13:25.240Z] Average Function Deployment time: 5909.5
[info] 
[info] Functions deploy had errors with the following functions:
	handleTripPlanningHttps(us-central1)
	handleTripTrackingHttps(us-central1)
[debug] [2022-06-16T20:13:25.931Z] Not printing URL for HTTPS function. Typically this means it didn't match a filter or we failed deployment
[debug] [2022-06-16T20:13:25.931Z] Not printing URL for HTTPS function. Typically this means it didn't match a filter or we failed deployment
[info] i  functions: cleaning up build files... 
[debug] [2022-06-16T20:13:25.936Z] >>> [apiv2][query] GET https://us.gcr.io/v2/guardiaotec-tms/gcf/us-central1/tags/list [none]
[debug] [2022-06-16T20:13:28.593Z] <<< [apiv2][status] GET https://us.gcr.io/v2/guardiaotec-tms/gcf/us-central1/tags/list 200
[debug] [2022-06-16T20:13:28.594Z] <<< [apiv2][body] GET https://us.gcr.io/v2/guardiaotec-tms/gcf/us-central1/tags/list {"child":["515d0806-51b8-4b8e-98f6-aa12d8fff251","6e623d26-c710-4307-b0c6-21a030d9a4b9"],"manifest":{},"name":"guardiaotec-tms/gcf/us-central1","tags":[]}
[debug] [2022-06-16T20:13:28.595Z] >>> [apiv2][query] GET https://us.gcr.io/v2/guardiaotec-tms/gcf/us-central1/515d0806-51b8-4b8e-98f6-aa12d8fff251/tags/list [none]
[debug] [2022-06-16T20:13:28.597Z] >>> [apiv2][query] GET https://us.gcr.io/v2/guardiaotec-tms/gcf/us-central1/6e623d26-c710-4307-b0c6-21a030d9a4b9/tags/list [none]
[debug] [2022-06-16T20:13:30.080Z] <<< [apiv2][status] GET https://us.gcr.io/v2/guardiaotec-tms/gcf/us-central1/6e623d26-c710-4307-b0c6-21a030d9a4b9/tags/list 200
[debug] [2022-06-16T20:13:30.080Z] <<< [apiv2][body] GET https://us.gcr.io/v2/guardiaotec-tms/gcf/us-central1/6e623d26-c710-4307-b0c6-21a030d9a4b9/tags/list {"child":["cache"],"manifest":{"sha256:26627771ace63cca0b97ab8723704adc92db00045b0d0ff091b4b94c0faea2bb":{"imageSizeBytes":"446252758","layerId":"","mediaType":"application/vnd.docker.distribution.manifest.v2+json","tag":["handleTripPlanning_version-1"],"timeCreatedMs":"315532801000","timeUploadedMs":"1655274439933"},"sha256:98179fc4e77c26dbdeef2fda7cbb2cbd1608d96df210e64f752e116bddef3602":{"imageSizeBytes":"446252972","layerId":"","mediaType":"application/vnd.docker.distribution.manifest.v2+json","tag":["handleTripPlanning_version-2","latest"],"timeCreatedMs":"315532801000","timeUploadedMs":"1655326722014"}},"name":"guardiaotec-tms/gcf/us-central1/6e623d26-c710-4307-b0c6-21a030d9a4b9","tags":["handleTripPlanning_version-1","handleTripPlanning_version-2","latest"]}
[debug] [2022-06-16T20:13:30.083Z] <<< [apiv2][status] GET https://us.gcr.io/v2/guardiaotec-tms/gcf/us-central1/515d0806-51b8-4b8e-98f6-aa12d8fff251/tags/list 200
[debug] [2022-06-16T20:13:30.083Z] <<< [apiv2][body] GET https://us.gcr.io/v2/guardiaotec-tms/gcf/us-central1/515d0806-51b8-4b8e-98f6-aa12d8fff251/tags/list {"child":["cache"],"manifest":{"sha256:0f43ffec2d469430d0d2520fb382265511f194ded168b744512de0541c560bca":{"imageSizeBytes":"446274370","layerId":"","mediaType":"application/vnd.docker.distribution.manifest.v2+json","tag":["handleTripTracking_version-2","latest"],"timeCreatedMs":"315532801000","timeUploadedMs":"1655363493041"},"sha256:bccaf0145222a3ac15e90ea8c3454665fe31d06103c9df62668985d0383bade2":{"imageSizeBytes":"446274173","layerId":"","mediaType":"application/vnd.docker.distribution.manifest.v2+json","tag":["handleTripTracking_version-1"],"timeCreatedMs":"315532801000","timeUploadedMs":"1655363375901"}},"name":"guardiaotec-tms/gcf/us-central1/515d0806-51b8-4b8e-98f6-aa12d8fff251","tags":["handleTripTracking_version-1","handleTripTracking_version-2","latest"]}
[debug] [2022-06-16T20:13:30.084Z] Could not find image for function projects/guardiaotec-tms/locations/us-central1/functions/handleTripPlanningHttps
[debug] [2022-06-16T20:13:30.085Z] Could not find image for function projects/guardiaotec-tms/locations/us-central1/functions/handleTripTrackingHttps
[error] Error: There was an error deploying functions:
[error] - Error Failed to update function handleTripPlanningHttps in region us-central1
[error] - Error Failed to update function handleTripTrackingHttps in region us-central1
